<?xml version="1.0" encoding="UTF-8"?>
<testsuite xmlns:xsi="http://www.w3.org/2001/XMLSchema-instance" xsi:noNamespaceSchemaLocation="https://maven.apache.org/surefire/maven-surefire-plugin/xsd/surefire-test-report.xsd" version="3.0.1" name="com.Billing.org.AppTest" time="0.061" tests="7" errors="0" skipped="0" failures="0">
  <properties>
[...]
</properties>
  <testcase name="testSecondSlab" classname="com.Billing.org.AppTest" time="0.027"/>
  <testcase name="testThirdSlab" classname="com.Billing.org.AppTest" time="0.001"/>
  <testcase name="testZeroUnits" classname="com.Billing.org.AppTest" time="0.001">
    <system-out><![CDATA[Free!!
]]></system-out>
  </testcase>
  <testcase name="testAbove500Units" classname="com.Billing.org.AppTest" time="0.001"/>
  <testcase name="testFirstSlab" classname="com.Billing.org.AppTest" time="0.0">
    <system-out><![CDATA[Free!!
]]></system-out>
  </testcase>
  <testcase name="testFourthSlab" classname="com.Billing.org.AppTest" time="0.001"/>
  <testcase name="testNegativeUnits" classname="com.Billing.org.AppTest" time="0.001"/>
</testsuite>